<?xml version="1.0" encoding="UTF-8"?>
<!-- Generated by org.testng.reporters.JUnitReportReporter -->
<testsuite skipped="0" hostname="DESKTOP-FA927CI" name="com.PageObjectModel.LoginPage" tests="1" failures="0" timestamp="2023-05-01T16:32:07 IST" time="8.670" errors="0">
  <testcase name="Login" time="8.670" classname="com.PageObjectModel.LoginPage"/>
  <system-out/>
</testsuite> <!-- com.PageObjectModel.LoginPage -->
